;  LST file generated by mikroListExporter - v.2.0 
; Date/Time: 7/30/2023 11:17:49 AM
;----------------------------------------------

;Address Opcode 	ASM
0x0000	0x2816      	GOTO       22
_____DoICP:
;__Lib_System.c,6 :: 		
;__Lib_System.c,9 :: 		
0x0003	0x1283      	BCF        STATUS, 5
0x0004	0x1303      	BCF        STATUS, 6
0x0005	0x0821      	MOVF       ___DoICPAddr+1, 0
0x0006	0x008A      	MOVWF      PCLATH
;__Lib_System.c,10 :: 		
0x0007	0x0820      	MOVF       ___DoICPAddr, 0
0x0008	0x0082      	MOVWF      PCL
;__Lib_System.c,12 :: 		
L_end_____DoICP:
0x0009	0x0008      	RETURN
; end of _____DoICP
___CC2DW:
;__Lib_System.c,134 :: 		
;__Lib_System.c,137 :: 		
_CC2D_Loop1:
;__Lib_System.c,139 :: 		
0x000A	0x2003      	CALL       _____DoICP
0x000B	0x118A      	BCF        PCLATH, 3
0x000C	0x120A      	BCF        PCLATH, 4
;__Lib_System.c,141 :: 		
0x000D	0x0080      	MOVWF      INDF
;__Lib_System.c,142 :: 		
0x000E	0x0A84      	INCF       FSR, 1
;__Lib_System.c,143 :: 		
0x000F	0x0AA0      	INCF       ___DoICPAddr, 1
;__Lib_System.c,145 :: 		
0x0010	0x1903      	BTFSC      STATUS, 2
;__Lib_System.c,146 :: 		
0x0011	0x0AA1      	INCF       ___DoICPAddr+1, 1
;__Lib_System.c,147 :: 		
0x0012	0x03F0      	DECF       R0, 1
;__Lib_System.c,149 :: 		
0x0013	0x1D03      	BTFSS      STATUS, 2
;__Lib_System.c,150 :: 		
0x0014	0x280A      	GOTO       _CC2D_Loop1
;__Lib_System.c,152 :: 		
L_end___CC2DW:
0x0015	0x0008      	RETURN
; end of ___CC2DW
_main:
;projecttttt.c,8 :: 		void main(){
;projecttttt.c,9 :: 		int arr[] = {0, 1, 2, 3, 4, 5, 6, 7, 8, 9, 16, 17, 18, 19, 20, 21, 22, 23,24,25,32, 33, 34, 35};
0x0016	0x3062      	MOVLW      ?ICSmain_arr_L0
0x0017	0x1283      	BCF        STATUS, 5
0x0018	0x1303      	BCF        STATUS, 6
0x0019	0x00A0      	MOVWF      ___DoICPAddr
0x001A	0x3001      	MOVLW      hi_addr(?ICSmain_arr_L0)
0x001B	0x00A1      	MOVWF      ___DoICPAddr+1
0x001C	0x3028      	MOVLW      main_arr_L0
0x001D	0x0084      	MOVWF      FSR
0x001E	0x3030      	MOVLW      48
0x001F	0x00F0      	MOVWF      R0
0x0020	0x200A      	CALL       ___CC2DW
;projecttttt.c,11 :: 		trisb = 0;
0x0021	0x1683      	BSF        STATUS, 5
0x0022	0x0186      	CLRF       TRISB
;projecttttt.c,12 :: 		trisc = 0;
0x0023	0x0187      	CLRF       TRISC
;projecttttt.c,13 :: 		trisd = 0;
0x0024	0x0188      	CLRF       TRISD
;projecttttt.c,14 :: 		trisa = 0;
0x0025	0x0185      	CLRF       TRISA
;projecttttt.c,15 :: 		portd = 0;
0x0026	0x1283      	BCF        STATUS, 5
0x0027	0x0188      	CLRF       PORTD
;projecttttt.c,16 :: 		porta.B4 = 0;
0x0028	0x1205      	BCF        PORTA, 4
;projecttttt.c,17 :: 		portc = 0b00001111;
0x0029	0x300F      	MOVLW      15
0x002A	0x0087      	MOVWF      PORTC
;projecttttt.c,18 :: 		while (1){
L_main4:
;projecttttt.c,19 :: 		while (porta.B4)
L_main6:
0x002B	0x1E05      	BTFSS      PORTA, 4
0x002C	0x28B9      	GOTO       L_main7
;projecttttt.c,20 :: 		{     int i=23, j=15;
0x002D	0x3017      	MOVLW      23
0x002E	0x00A2      	MOVWF      main_i_L2
0x002F	0x3000      	MOVLW      0
0x0030	0x00A3      	MOVWF      main_i_L2+1
0x0031	0x300F      	MOVLW      15
0x0032	0x00A4      	MOVWF      main_j_L2
0x0033	0x3000      	MOVLW      0
0x0034	0x00A5      	MOVWF      main_j_L2+1
;projecttttt.c,21 :: 		if (porta.B4){portd.B3=1;portd.B4=0; portd.B5=0;portd.B1=0;portd.B0=0;}
0x0035	0x1E05      	BTFSS      PORTA, 4
0x0036	0x283C      	GOTO       L_main8
0x0037	0x1588      	BSF        PORTD, 3
0x0038	0x1208      	BCF        PORTD, 4
0x0039	0x1288      	BCF        PORTD, 5
0x003A	0x1088      	BCF        PORTD, 1
0x003B	0x1008      	BCF        PORTD, 0
L_main8:
;projecttttt.c,22 :: 		for (; i>0 && porta.B4; i--){
L_main9:
0x003C	0x3080      	MOVLW      128
0x003D	0x00F0      	MOVWF      R0
0x003E	0x3080      	MOVLW      128
0x003F	0x0623      	XORWF      main_i_L2+1, 0
0x0040	0x0270      	SUBWF      R0, 0
0x0041	0x1D03      	BTFSS      STATUS, 2
0x0042	0x2845      	GOTO       L__main68
0x0043	0x0822      	MOVF       main_i_L2, 0
0x0044	0x3C00      	SUBLW      0
L__main68:
0x0045	0x1803      	BTFSC      STATUS, 0
0x0046	0x2876      	GOTO       L_main10
0x0047	0x1E05      	BTFSS      PORTA, 4
0x0048	0x2876      	GOTO       L_main10
L__main64:
;projecttttt.c,23 :: 		if (i>3){portd.B2=1;}
0x0049	0x3080      	MOVLW      128
0x004A	0x00F0      	MOVWF      R0
0x004B	0x3080      	MOVLW      128
0x004C	0x0623      	XORWF      main_i_L2+1, 0
0x004D	0x0270      	SUBWF      R0, 0
0x004E	0x1D03      	BTFSS      STATUS, 2
0x004F	0x2852      	GOTO       L__main69
0x0050	0x0822      	MOVF       main_i_L2, 0
0x0051	0x3C03      	SUBLW      3
L__main69:
0x0052	0x1803      	BTFSC      STATUS, 0
0x0053	0x2856      	GOTO       L_main14
0x0054	0x1508      	BSF        PORTD, 2
0x0055	0x2858      	GOTO       L_main15
L_main14:
;projecttttt.c,24 :: 		else {portd.B2=0; portd.B1=1;}
0x0056	0x1108      	BCF        PORTD, 2
0x0057	0x1488      	BSF        PORTD, 1
L_main15:
;projecttttt.c,25 :: 		portb=arr[i];
0x0058	0x0822      	MOVF       main_i_L2, 0
0x0059	0x00F0      	MOVWF      R0
0x005A	0x0823      	MOVF       main_i_L2+1, 0
0x005B	0x00F1      	MOVWF      R0+1
0x005C	0x0DF0      	RLF        R0, 1
0x005D	0x0DF1      	RLF        R0+1, 1
0x005E	0x1070      	BCF        R0, 0
0x005F	0x0870      	MOVF       R0, 0
0x0060	0x3E28      	ADDLW      main_arr_L0
0x0061	0x0084      	MOVWF      FSR
0x0062	0x0800      	MOVF       INDF, 0
0x0063	0x0086      	MOVWF      PORTB
;projecttttt.c,26 :: 		delay_ms(100);
0x0064	0x3002      	MOVLW      2
0x0065	0x00FB      	MOVWF      R11
0x0066	0x3004      	MOVLW      4
0x0067	0x00FC      	MOVWF      R12
0x0068	0x30BA      	MOVLW      186
0x0069	0x00FD      	MOVWF      R13
L_main16:
0x006A	0x0BFD      	DECFSZ     R13, 1
0x006B	0x286A      	GOTO       L_main16
0x006C	0x0BFC      	DECFSZ     R12, 1
0x006D	0x286A      	GOTO       L_main16
0x006E	0x0BFB      	DECFSZ     R11, 1
0x006F	0x286A      	GOTO       L_main16
0x0070	0x0000      	NOP
;projecttttt.c,22 :: 		for (; i>0 && porta.B4; i--){
0x0071	0x3001      	MOVLW      1
0x0072	0x02A2      	SUBWF      main_i_L2, 1
0x0073	0x1C03      	BTFSS      STATUS, 0
0x0074	0x03A3      	DECF       main_i_L2+1, 1
;projecttttt.c,27 :: 		}
0x0075	0x283C      	GOTO       L_main9
L_main10:
;projecttttt.c,28 :: 		if (porta.B4){
0x0076	0x1E05      	BTFSS      PORTA, 4
0x0077	0x287C      	GOTO       L_main17
;projecttttt.c,29 :: 		portd.B3=0;
0x0078	0x1188      	BCF        PORTD, 3
;projecttttt.c,30 :: 		portd.B1=0;
0x0079	0x1088      	BCF        PORTD, 1
;projecttttt.c,31 :: 		portd.B0=1;
0x007A	0x1408      	BSF        PORTD, 0
;projecttttt.c,32 :: 		portd.B5=1;}
0x007B	0x1688      	BSF        PORTD, 5
L_main17:
;projecttttt.c,33 :: 		for (; j>0 && porta.B4; j--){
L_main18:
0x007C	0x3080      	MOVLW      128
0x007D	0x00F0      	MOVWF      R0
0x007E	0x3080      	MOVLW      128
0x007F	0x0625      	XORWF      main_j_L2+1, 0
0x0080	0x0270      	SUBWF      R0, 0
0x0081	0x1D03      	BTFSS      STATUS, 2
0x0082	0x2885      	GOTO       L__main70
0x0083	0x0824      	MOVF       main_j_L2, 0
0x0084	0x3C00      	SUBLW      0
L__main70:
0x0085	0x1803      	BTFSC      STATUS, 0
0x0086	0x28B4      	GOTO       L_main19
0x0087	0x1E05      	BTFSS      PORTA, 4
0x0088	0x28B4      	GOTO       L_main19
L__main63:
;projecttttt.c,34 :: 		if (j<=3){portd.B5=0; portd.B4=1;}
0x0089	0x3080      	MOVLW      128
0x008A	0x00F0      	MOVWF      R0
0x008B	0x3080      	MOVLW      128
0x008C	0x0625      	XORWF      main_j_L2+1, 0
0x008D	0x0270      	SUBWF      R0, 0
0x008E	0x1D03      	BTFSS      STATUS, 2
0x008F	0x2892      	GOTO       L__main71
0x0090	0x0824      	MOVF       main_j_L2, 0
0x0091	0x3C03      	SUBLW      3
L__main71:
0x0092	0x1C03      	BTFSS      STATUS, 0
0x0093	0x2896      	GOTO       L_main23
0x0094	0x1288      	BCF        PORTD, 5
0x0095	0x1608      	BSF        PORTD, 4
L_main23:
;projecttttt.c,35 :: 		portb=arr[j];
0x0096	0x0824      	MOVF       main_j_L2, 0
0x0097	0x00F0      	MOVWF      R0
0x0098	0x0825      	MOVF       main_j_L2+1, 0
0x0099	0x00F1      	MOVWF      R0+1
0x009A	0x0DF0      	RLF        R0, 1
0x009B	0x0DF1      	RLF        R0+1, 1
0x009C	0x1070      	BCF        R0, 0
0x009D	0x0870      	MOVF       R0, 0
0x009E	0x3E28      	ADDLW      main_arr_L0
0x009F	0x0084      	MOVWF      FSR
0x00A0	0x0800      	MOVF       INDF, 0
0x00A1	0x0086      	MOVWF      PORTB
;projecttttt.c,36 :: 		delay_ms(100);
0x00A2	0x3002      	MOVLW      2
0x00A3	0x00FB      	MOVWF      R11
0x00A4	0x3004      	MOVLW      4
0x00A5	0x00FC      	MOVWF      R12
0x00A6	0x30BA      	MOVLW      186
0x00A7	0x00FD      	MOVWF      R13
L_main24:
0x00A8	0x0BFD      	DECFSZ     R13, 1
0x00A9	0x28A8      	GOTO       L_main24
0x00AA	0x0BFC      	DECFSZ     R12, 1
0x00AB	0x28A8      	GOTO       L_main24
0x00AC	0x0BFB      	DECFSZ     R11, 1
0x00AD	0x28A8      	GOTO       L_main24
0x00AE	0x0000      	NOP
;projecttttt.c,33 :: 		for (; j>0 && porta.B4; j--){
0x00AF	0x3001      	MOVLW      1
0x00B0	0x02A4      	SUBWF      main_j_L2, 1
0x00B1	0x1C03      	BTFSS      STATUS, 0
0x00B2	0x03A5      	DECF       main_j_L2+1, 1
;projecttttt.c,37 :: 		}
0x00B3	0x287C      	GOTO       L_main18
L_main19:
;projecttttt.c,38 :: 		if (porta.B4){
0x00B4	0x1E05      	BTFSS      PORTA, 4
0x00B5	0x28B8      	GOTO       L_main25
;projecttttt.c,39 :: 		portd.B0=0;
0x00B6	0x1008      	BCF        PORTD, 0
;projecttttt.c,40 :: 		portd.B4=0;}
0x00B7	0x1208      	BCF        PORTD, 4
L_main25:
;projecttttt.c,41 :: 		}
0x00B8	0x282B      	GOTO       L_main6
L_main7:
;projecttttt.c,42 :: 		while (!porta.B4){
L_main26:
0x00B9	0x1A05      	BTFSC      PORTA, 4
0x00BA	0x295A      	GOTO       L_main27
;projecttttt.c,43 :: 		int k = 3;
0x00BB	0x3003      	MOVLW      3
0x00BC	0x00A6      	MOVWF      main_k_L2
0x00BD	0x3000      	MOVLW      0
0x00BE	0x00A7      	MOVWF      main_k_L2+1
;projecttttt.c,44 :: 		portb=0;
0x00BF	0x0186      	CLRF       PORTB
;projecttttt.c,45 :: 		if (portc.B4 && !porta.B4){
0x00C0	0x1E07      	BTFSS      PORTC, 4
0x00C1	0x290D      	GOTO       L_main30
0x00C2	0x1A05      	BTFSC      PORTA, 4
0x00C3	0x290D      	GOTO       L_main30
L__main62:
;projecttttt.c,46 :: 		portd=0;
0x00C4	0x0188      	CLRF       PORTD
;projecttttt.c,47 :: 		portd.B2=0;
0x00C5	0x1108      	BCF        PORTD, 2
;projecttttt.c,48 :: 		portd.B0=1;
0x00C6	0x1408      	BSF        PORTD, 0
;projecttttt.c,49 :: 		portd.B4=1;
0x00C7	0x1608      	BSF        PORTD, 4
;projecttttt.c,50 :: 		for (; k>0 && portc.B4 && !porta.B4; k--){
L_main31:
0x00C8	0x3080      	MOVLW      128
0x00C9	0x00F0      	MOVWF      R0
0x00CA	0x3080      	MOVLW      128
0x00CB	0x0627      	XORWF      main_k_L2+1, 0
0x00CC	0x0270      	SUBWF      R0, 0
0x00CD	0x1D03      	BTFSS      STATUS, 2
0x00CE	0x28D1      	GOTO       L__main72
0x00CF	0x0826      	MOVF       main_k_L2, 0
0x00D0	0x3C00      	SUBLW      0
L__main72:
0x00D1	0x1803      	BTFSC      STATUS, 0
0x00D2	0x28F5      	GOTO       L_main32
0x00D3	0x1E07      	BTFSS      PORTC, 4
0x00D4	0x28F5      	GOTO       L_main32
0x00D5	0x1A05      	BTFSC      PORTA, 4
0x00D6	0x28F5      	GOTO       L_main32
L__main61:
;projecttttt.c,51 :: 		portb=arr[k];
0x00D7	0x0826      	MOVF       main_k_L2, 0
0x00D8	0x00F0      	MOVWF      R0
0x00D9	0x0827      	MOVF       main_k_L2+1, 0
0x00DA	0x00F1      	MOVWF      R0+1
0x00DB	0x0DF0      	RLF        R0, 1
0x00DC	0x0DF1      	RLF        R0+1, 1
0x00DD	0x1070      	BCF        R0, 0
0x00DE	0x0870      	MOVF       R0, 0
0x00DF	0x3E28      	ADDLW      main_arr_L0
0x00E0	0x0084      	MOVWF      FSR
0x00E1	0x0800      	MOVF       INDF, 0
0x00E2	0x0086      	MOVWF      PORTB
;projecttttt.c,52 :: 		delay_ms(100);
0x00E3	0x3002      	MOVLW      2
0x00E4	0x00FB      	MOVWF      R11
0x00E5	0x3004      	MOVLW      4
0x00E6	0x00FC      	MOVWF      R12
0x00E7	0x30BA      	MOVLW      186
0x00E8	0x00FD      	MOVWF      R13
L_main36:
0x00E9	0x0BFD      	DECFSZ     R13, 1
0x00EA	0x28E9      	GOTO       L_main36
0x00EB	0x0BFC      	DECFSZ     R12, 1
0x00EC	0x28E9      	GOTO       L_main36
0x00ED	0x0BFB      	DECFSZ     R11, 1
0x00EE	0x28E9      	GOTO       L_main36
0x00EF	0x0000      	NOP
;projecttttt.c,50 :: 		for (; k>0 && portc.B4 && !porta.B4; k--){
0x00F0	0x3001      	MOVLW      1
0x00F1	0x02A6      	SUBWF      main_k_L2, 1
0x00F2	0x1C03      	BTFSS      STATUS, 0
0x00F3	0x03A7      	DECF       main_k_L2+1, 1
;projecttttt.c,53 :: 		}
0x00F4	0x28C8      	GOTO       L_main31
L_main32:
;projecttttt.c,54 :: 		portd.B0=0;
0x00F5	0x1008      	BCF        PORTD, 0
;projecttttt.c,55 :: 		portd.B2=1;
0x00F6	0x1508      	BSF        PORTD, 2
;projecttttt.c,56 :: 		portb=0;
0x00F7	0x0186      	CLRF       PORTB
;projecttttt.c,57 :: 		portd.B4=0;
0x00F8	0x1208      	BCF        PORTD, 4
;projecttttt.c,58 :: 		while (portc.B4 && !porta.B4){portd.B3=1; delay_ms(100);}
L_main37:
0x00F9	0x1E07      	BTFSS      PORTC, 4
0x00FA	0x290C      	GOTO       L_main38
0x00FB	0x1A05      	BTFSC      PORTA, 4
0x00FC	0x290C      	GOTO       L_main38
L__main60:
0x00FD	0x1588      	BSF        PORTD, 3
0x00FE	0x3002      	MOVLW      2
0x00FF	0x00FB      	MOVWF      R11
0x0100	0x3004      	MOVLW      4
0x0101	0x00FC      	MOVWF      R12
0x0102	0x30BA      	MOVLW      186
0x0103	0x00FD      	MOVWF      R13
L_main41:
0x0104	0x0BFD      	DECFSZ     R13, 1
0x0105	0x2904      	GOTO       L_main41
0x0106	0x0BFC      	DECFSZ     R12, 1
0x0107	0x2904      	GOTO       L_main41
0x0108	0x0BFB      	DECFSZ     R11, 1
0x0109	0x2904      	GOTO       L_main41
0x010A	0x0000      	NOP
0x010B	0x28F9      	GOTO       L_main37
L_main38:
;projecttttt.c,59 :: 		}
0x010C	0x2959      	GOTO       L_main42
L_main30:
;projecttttt.c,60 :: 		else if (!portc.B4 && !porta.B4){
0x010D	0x1A07      	BTFSC      PORTC, 4
0x010E	0x2959      	GOTO       L_main45
0x010F	0x1A05      	BTFSC      PORTA, 4
0x0110	0x2959      	GOTO       L_main45
L__main59:
;projecttttt.c,61 :: 		portd=0;
0x0111	0x0188      	CLRF       PORTD
;projecttttt.c,62 :: 		portd.B5=0;
0x0112	0x1288      	BCF        PORTD, 5
;projecttttt.c,63 :: 		portd.B3=1;
0x0113	0x1588      	BSF        PORTD, 3
;projecttttt.c,64 :: 		portd.B1=1;
0x0114	0x1488      	BSF        PORTD, 1
;projecttttt.c,65 :: 		for (; k>0 && !portc.B4 && !porta.B4; k--){
L_main46:
0x0115	0x3080      	MOVLW      128
0x0116	0x00F0      	MOVWF      R0
0x0117	0x3080      	MOVLW      128
0x0118	0x0627      	XORWF      main_k_L2+1, 0
0x0119	0x0270      	SUBWF      R0, 0
0x011A	0x1D03      	BTFSS      STATUS, 2
0x011B	0x291E      	GOTO       L__main73
0x011C	0x0826      	MOVF       main_k_L2, 0
0x011D	0x3C00      	SUBLW      0
L__main73:
0x011E	0x1803      	BTFSC      STATUS, 0
0x011F	0x2942      	GOTO       L_main47
0x0120	0x1A07      	BTFSC      PORTC, 4
0x0121	0x2942      	GOTO       L_main47
0x0122	0x1A05      	BTFSC      PORTA, 4
0x0123	0x2942      	GOTO       L_main47
L__main58:
;projecttttt.c,66 :: 		portb=arr[k];
0x0124	0x0826      	MOVF       main_k_L2, 0
0x0125	0x00F0      	MOVWF      R0
0x0126	0x0827      	MOVF       main_k_L2+1, 0
0x0127	0x00F1      	MOVWF      R0+1
0x0128	0x0DF0      	RLF        R0, 1
0x0129	0x0DF1      	RLF        R0+1, 1
0x012A	0x1070      	BCF        R0, 0
0x012B	0x0870      	MOVF       R0, 0
0x012C	0x3E28      	ADDLW      main_arr_L0
0x012D	0x0084      	MOVWF      FSR
0x012E	0x0800      	MOVF       INDF, 0
0x012F	0x0086      	MOVWF      PORTB
;projecttttt.c,67 :: 		delay_ms(100);
0x0130	0x3002      	MOVLW      2
0x0131	0x00FB      	MOVWF      R11
0x0132	0x3004      	MOVLW      4
0x0133	0x00FC      	MOVWF      R12
0x0134	0x30BA      	MOVLW      186
0x0135	0x00FD      	MOVWF      R13
L_main51:
0x0136	0x0BFD      	DECFSZ     R13, 1
0x0137	0x2936      	GOTO       L_main51
0x0138	0x0BFC      	DECFSZ     R12, 1
0x0139	0x2936      	GOTO       L_main51
0x013A	0x0BFB      	DECFSZ     R11, 1
0x013B	0x2936      	GOTO       L_main51
0x013C	0x0000      	NOP
;projecttttt.c,65 :: 		for (; k>0 && !portc.B4 && !porta.B4; k--){
0x013D	0x3001      	MOVLW      1
0x013E	0x02A6      	SUBWF      main_k_L2, 1
0x013F	0x1C03      	BTFSS      STATUS, 0
0x0140	0x03A7      	DECF       main_k_L2+1, 1
;projecttttt.c,68 :: 		}
0x0141	0x2915      	GOTO       L_main46
L_main47:
;projecttttt.c,69 :: 		portd.B5=1;
0x0142	0x1688      	BSF        PORTD, 5
;projecttttt.c,70 :: 		portd.B3=0;
0x0143	0x1188      	BCF        PORTD, 3
;projecttttt.c,71 :: 		portb=0;
0x0144	0x0186      	CLRF       PORTB
;projecttttt.c,72 :: 		portd.B1=0;
0x0145	0x1088      	BCF        PORTD, 1
;projecttttt.c,73 :: 		while (!portc.B4 && !porta.B4){portd.B0=1; delay_ms(100);}
L_main52:
0x0146	0x1A07      	BTFSC      PORTC, 4
0x0147	0x2959      	GOTO       L_main53
0x0148	0x1A05      	BTFSC      PORTA, 4
0x0149	0x2959      	GOTO       L_main53
L__main57:
0x014A	0x1408      	BSF        PORTD, 0
0x014B	0x3002      	MOVLW      2
0x014C	0x00FB      	MOVWF      R11
0x014D	0x3004      	MOVLW      4
0x014E	0x00FC      	MOVWF      R12
0x014F	0x30BA      	MOVLW      186
0x0150	0x00FD      	MOVWF      R13
L_main56:
0x0151	0x0BFD      	DECFSZ     R13, 1
0x0152	0x2951      	GOTO       L_main56
0x0153	0x0BFC      	DECFSZ     R12, 1
0x0154	0x2951      	GOTO       L_main56
0x0155	0x0BFB      	DECFSZ     R11, 1
0x0156	0x2951      	GOTO       L_main56
0x0157	0x0000      	NOP
0x0158	0x2946      	GOTO       L_main52
L_main53:
;projecttttt.c,74 :: 		}
L_main45:
L_main42:
;projecttttt.c,75 :: 		}
0x0159	0x28B9      	GOTO       L_main26
L_main27:
;projecttttt.c,76 :: 		}
0x015A	0x282B      	GOTO       L_main4
;projecttttt.c,77 :: 		}
L_end_main:
0x015B	0x295B      	GOTO       $+0
; end of _main
;projecttttt.c,0 :: ?ICSmain_i_L2
0x015C	0x3417 ;?ICSmain_i_L2+0
0x015D	0x3400 ;?ICSmain_i_L2+1
; end of ?ICSmain_i_L2
;projecttttt.c,0 :: ?ICSmain_j_L2
0x015E	0x340F ;?ICSmain_j_L2+0
0x015F	0x3400 ;?ICSmain_j_L2+1
; end of ?ICSmain_j_L2
;projecttttt.c,0 :: ?ICSmain_k_L2
0x0160	0x3403 ;?ICSmain_k_L2+0
0x0161	0x3400 ;?ICSmain_k_L2+1
; end of ?ICSmain_k_L2
;projecttttt.c,0 :: ?ICSmain_arr_L0
0x0162	0x3400 ;?ICSmain_arr_L0+0
0x0163	0x3400 ;?ICSmain_arr_L0+1
0x0164	0x3401 ;?ICSmain_arr_L0+2
0x0165	0x3400 ;?ICSmain_arr_L0+3
0x0166	0x3402 ;?ICSmain_arr_L0+4
0x0167	0x3400 ;?ICSmain_arr_L0+5
0x0168	0x3403 ;?ICSmain_arr_L0+6
0x0169	0x3400 ;?ICSmain_arr_L0+7
0x016A	0x3404 ;?ICSmain_arr_L0+8
0x016B	0x3400 ;?ICSmain_arr_L0+9
0x016C	0x3405 ;?ICSmain_arr_L0+10
0x016D	0x3400 ;?ICSmain_arr_L0+11
0x016E	0x3406 ;?ICSmain_arr_L0+12
0x016F	0x3400 ;?ICSmain_arr_L0+13
0x0170	0x3407 ;?ICSmain_arr_L0+14
0x0171	0x3400 ;?ICSmain_arr_L0+15
0x0172	0x3408 ;?ICSmain_arr_L0+16
0x0173	0x3400 ;?ICSmain_arr_L0+17
0x0174	0x3409 ;?ICSmain_arr_L0+18
0x0175	0x3400 ;?ICSmain_arr_L0+19
0x0176	0x3410 ;?ICSmain_arr_L0+20
0x0177	0x3400 ;?ICSmain_arr_L0+21
0x0178	0x3411 ;?ICSmain_arr_L0+22
0x0179	0x3400 ;?ICSmain_arr_L0+23
0x017A	0x3412 ;?ICSmain_arr_L0+24
0x017B	0x3400 ;?ICSmain_arr_L0+25
0x017C	0x3413 ;?ICSmain_arr_L0+26
0x017D	0x3400 ;?ICSmain_arr_L0+27
0x017E	0x3414 ;?ICSmain_arr_L0+28
0x017F	0x3400 ;?ICSmain_arr_L0+29
0x0180	0x3415 ;?ICSmain_arr_L0+30
0x0181	0x3400 ;?ICSmain_arr_L0+31
0x0182	0x3416 ;?ICSmain_arr_L0+32
0x0183	0x3400 ;?ICSmain_arr_L0+33
0x0184	0x3417 ;?ICSmain_arr_L0+34
0x0185	0x3400 ;?ICSmain_arr_L0+35
0x0186	0x3418 ;?ICSmain_arr_L0+36
0x0187	0x3400 ;?ICSmain_arr_L0+37
0x0188	0x3419 ;?ICSmain_arr_L0+38
0x0189	0x3400 ;?ICSmain_arr_L0+39
0x018A	0x3420 ;?ICSmain_arr_L0+40
0x018B	0x3400 ;?ICSmain_arr_L0+41
0x018C	0x3421 ;?ICSmain_arr_L0+42
0x018D	0x3400 ;?ICSmain_arr_L0+43
0x018E	0x3422 ;?ICSmain_arr_L0+44
0x018F	0x3400 ;?ICSmain_arr_L0+45
0x0190	0x3423 ;?ICSmain_arr_L0+46
0x0191	0x3400 ;?ICSmain_arr_L0+47
; end of ?ICSmain_arr_L0
Symbol List:
//** Routines locations **
//ADDRESS    SIZE    PROCEDURE
//----------------------------------------------
0x0003       [7]    _____DoICP
0x000A      [12]    ___CC2DW
0x0016     [326]    _main
//** Variables locations ** 
//ADDRESS    SIZE    VARIABLE
//----------------------------------------------
0x0000       [1]    INDF
0x0002       [1]    PCL
0x0003       [1]    STATUS
0x0004       [1]    FSR
0x0005       [1]    PORTA
0x0006       [1]    PORTB
0x0007       [1]    PORTC
0x0008       [1]    PORTD
0x000A       [1]    PCLATH
0x0020       [2]    ___DoICPAddr
0x0022       [2]    main_i_L2
0x0024       [2]    main_j_L2
0x0026       [2]    main_k_L2
0x0028      [48]    main_arr_L0
0x0070       [1]    R0
0x0071       [1]    R1
0x0072       [1]    R2
0x0073       [1]    R3
0x0074       [1]    R4
0x0075       [1]    R5
0x0076       [1]    R6
0x0077       [1]    R7
0x0078       [1]    R8
0x0079       [1]    R9
0x007A       [1]    R10
0x007B       [1]    R11
0x007C       [1]    R12
0x007D       [1]    R13
0x007E       [1]    R14
0x007F       [1]    R15
0x0085       [1]    TRISA
0x0086       [1]    TRISB
0x0087       [1]    TRISC
0x0088       [1]    TRISD
//** Constants locations ** 
//ADDRESS    SIZE    CONSTANT
//----------------------------------------------
0x015C       [2]    ?ICSmain_i_L2
0x015E       [2]    ?ICSmain_j_L2
0x0160       [2]    ?ICSmain_k_L2
0x0162      [48]    ?ICSmain_arr_L0
//** Label List: ** 
//----------------------------------------------
  L_lights0
  L_lights1
  L_lights2
  L_lights3
  L_main4
  L_main5
  L_main6
  L_main7
  L_main8
  L_main9
  L_main10
  L_main11
  L_main12
  L_main13
  L_main14
  L_main15
  L_main16
  L_main17
  L_main18
  L_main19
  L_main20
  L_main21
  L_main22
  L_main23
  L_main24
  L_main25
  L_main26
  L_main27
  L_main28
  L_main29
  L_main30
  L_main31
  L_main32
  L_main33
  L_main34
  L_main35
  L_main36
  L_main37
  L_main38
  L_main39
  L_main40
  L_main41
  L_main42
  L_main43
  L_main44
  L_main45
  L_main46
  L_main47
  L_main48
  L_main49
  L_main50
  L_main51
  L_main52
  L_main53
  L_main54
  L_main55
  L_main56
  L__main57
  L__main58
  L__main59
  L__main60
  L__main61
  L__main62
  L__main63
  L__main64
  L_end_lights
  _lights
  L__lights66
  L_end_main
  _main
  L__main68
  L__main69
  L__main70
  L__main71
  L__main72
  L__main73
  L_loopCA2AWs
  L_CA2AWend
  _CCA2AW_Loop1
  L_loopCS2Ss
  L_CS2Send
  _CCS2S_Loop1
  L_CCS2Send
  L_loopFZinSWs
  L_FZinSend
  _CC2D_Loop1
  L_end_____DoICP
  _____DoICP
  L_end_____DoIFC
  _____DoIFC
  L_end___CA2AW
  ___CA2AW
  L_end___CCA2AW
  ___CCA2AW
  L_end___CS2S
  ___CS2S
  L_end___CCS2S
  ___CCS2S
  L_end___FZinS
  ___FZinS
  L_end___CC2DW
  ___CC2DW
  L_end_Swap
  _Swap
